2023-06-13 08:19:45.874 [cluster-ClusterId{value='6487401bca884d67f34633c1', description='null'}-kaje-shard-00-00.5sjul.mongodb.net:27017] INFO  org.mongodb.driver.cluster - Exception in monitor thread while connecting to server kaje-shard-00-00.5sjul.mongodb.net:27017
com.mongodb.MongoSocketReadException: Exception receiving message
	at com.mongodb.internal.connection.InternalStreamConnection.translateReadException(InternalStreamConnection.java:724)
	at com.mongodb.internal.connection.InternalStreamConnection.receiveMessageWithAdditionalTimeout(InternalStreamConnection.java:599)
	at com.mongodb.internal.connection.InternalStreamConnection.receiveCommandMessageResponse(InternalStreamConnection.java:440)
	at com.mongodb.internal.connection.InternalStreamConnection.receive(InternalStreamConnection.java:397)
	at com.mongodb.internal.connection.DefaultServerMonitor$ServerMonitorRunnable.lookupServerDescription(DefaultServerMonitor.java:227)
	at com.mongodb.internal.connection.DefaultServerMonitor$ServerMonitorRunnable.run(DefaultServerMonitor.java:159)
	at java.base/java.lang.Thread.run(Thread.java:833)
Caused by: java.net.SocketException: Socket is closed
	at java.base/java.net.Socket.setSoTimeout(Socket.java:1218)
	at java.base/sun.security.ssl.BaseSSLSocketImpl.setSoTimeout(BaseSSLSocketImpl.java:638)
	at java.base/sun.security.ssl.SSLSocketImpl.setSoTimeout(SSLSocketImpl.java:74)
	at com.mongodb.internal.connection.SocketStream.read(SocketStream.java:140)
	at com.mongodb.internal.connection.InternalStreamConnection.receiveResponseBuffers(InternalStreamConnection.java:735)
	at com.mongodb.internal.connection.InternalStreamConnection.receiveMessageWithAdditionalTimeout(InternalStreamConnection.java:596)
	... 5 common frames omitted
2023-06-13 08:19:45.927 [cluster-ClusterId{value='6487401eca884d67f34633c2', description='null'}-kaje-shard-00-01.5sjul.mongodb.net:27017] INFO  org.mongodb.driver.cluster - Exception in monitor thread while connecting to server kaje-shard-00-01.5sjul.mongodb.net:27017
com.mongodb.MongoSocketReadException: Exception receiving message
	at com.mongodb.internal.connection.InternalStreamConnection.translateReadException(InternalStreamConnection.java:724)
	at com.mongodb.internal.connection.InternalStreamConnection.receiveMessageWithAdditionalTimeout(InternalStreamConnection.java:599)
	at com.mongodb.internal.connection.InternalStreamConnection.receiveCommandMessageResponse(InternalStreamConnection.java:440)
	at com.mongodb.internal.connection.InternalStreamConnection.receive(InternalStreamConnection.java:397)
	at com.mongodb.internal.connection.DefaultServerMonitor$ServerMonitorRunnable.lookupServerDescription(DefaultServerMonitor.java:227)
	at com.mongodb.internal.connection.DefaultServerMonitor$ServerMonitorRunnable.run(DefaultServerMonitor.java:159)
	at java.base/java.lang.Thread.run(Thread.java:833)
Caused by: java.net.SocketException: Connection reset
	at java.base/sun.nio.ch.SocketChannelImpl.throwConnectionReset(SocketChannelImpl.java:394)
	at java.base/sun.nio.ch.SocketChannelImpl.read(SocketChannelImpl.java:426)
	at com.mongodb.internal.connection.tlschannel.impl.TlsChannelImpl.readFromChannel(TlsChannelImpl.java:357)
	at com.mongodb.internal.connection.tlschannel.impl.TlsChannelImpl.readFromChannel(TlsChannelImpl.java:344)
	at com.mongodb.internal.connection.tlschannel.impl.TlsChannelImpl.readAndUnwrap(TlsChannelImpl.java:629)
	at com.mongodb.internal.connection.tlschannel.impl.TlsChannelImpl.read(TlsChannelImpl.java:236)
	at com.mongodb.internal.connection.tlschannel.ClientTlsChannel.read(ClientTlsChannel.java:168)
	at com.mongodb.internal.connection.tlschannel.async.AsynchronousTlsChannelGroup.readHandlingTasks(AsynchronousTlsChannelGroup.java:599)
	at com.mongodb.internal.connection.tlschannel.async.AsynchronousTlsChannelGroup.doRead(AsynchronousTlsChannelGroup.java:564)
	at com.mongodb.internal.connection.tlschannel.async.AsynchronousTlsChannelGroup.lambda$processRead$5(AsynchronousTlsChannelGroup.java:476)
	at java.base/java.util.concurrent.ThreadPoolExecutor.runWorker(ThreadPoolExecutor.java:1136)
	at java.base/java.util.concurrent.ThreadPoolExecutor$Worker.run(ThreadPoolExecutor.java:635)
	... 1 common frames omitted
2023-06-13 08:19:45.879 [cluster-ClusterId{value='6487401bca884d67f34633c1', description='null'}-kaje-shard-00-02.5sjul.mongodb.net:27017] INFO  org.mongodb.driver.cluster - Exception in monitor thread while connecting to server kaje-shard-00-02.5sjul.mongodb.net:27017
com.mongodb.MongoSocketReadException: Exception receiving message
	at com.mongodb.internal.connection.InternalStreamConnection.translateReadException(InternalStreamConnection.java:724)
	at com.mongodb.internal.connection.InternalStreamConnection.receiveMessageWithAdditionalTimeout(InternalStreamConnection.java:599)
	at com.mongodb.internal.connection.InternalStreamConnection.receiveCommandMessageResponse(InternalStreamConnection.java:440)
	at com.mongodb.internal.connection.InternalStreamConnection.receive(InternalStreamConnection.java:397)
	at com.mongodb.internal.connection.DefaultServerMonitor$ServerMonitorRunnable.lookupServerDescription(DefaultServerMonitor.java:227)
	at com.mongodb.internal.connection.DefaultServerMonitor$ServerMonitorRunnable.run(DefaultServerMonitor.java:159)
	at java.base/java.lang.Thread.run(Thread.java:833)
Caused by: java.net.SocketException: Socket is closed
	at java.base/java.net.Socket.setSoTimeout(Socket.java:1218)
	at java.base/sun.security.ssl.BaseSSLSocketImpl.setSoTimeout(BaseSSLSocketImpl.java:638)
	at java.base/sun.security.ssl.SSLSocketImpl.setSoTimeout(SSLSocketImpl.java:74)
	at com.mongodb.internal.connection.SocketStream.read(SocketStream.java:140)
	at com.mongodb.internal.connection.InternalStreamConnection.receiveResponseBuffers(InternalStreamConnection.java:735)
	at com.mongodb.internal.connection.InternalStreamConnection.receiveMessageWithAdditionalTimeout(InternalStreamConnection.java:596)
	... 5 common frames omitted
2023-06-13 08:19:45.881 [cluster-ClusterId{value='6487401eca884d67f34633c2', description='null'}-kaje-shard-00-00.5sjul.mongodb.net:27017] INFO  org.mongodb.driver.cluster - Exception in monitor thread while connecting to server kaje-shard-00-00.5sjul.mongodb.net:27017
com.mongodb.MongoSocketReadException: Exception receiving message
	at com.mongodb.internal.connection.InternalStreamConnection.translateReadException(InternalStreamConnection.java:724)
	at com.mongodb.internal.connection.InternalStreamConnection.receiveMessageWithAdditionalTimeout(InternalStreamConnection.java:599)
	at com.mongodb.internal.connection.InternalStreamConnection.receiveCommandMessageResponse(InternalStreamConnection.java:440)
	at com.mongodb.internal.connection.InternalStreamConnection.receive(InternalStreamConnection.java:397)
	at com.mongodb.internal.connection.DefaultServerMonitor$ServerMonitorRunnable.lookupServerDescription(DefaultServerMonitor.java:227)
	at com.mongodb.internal.connection.DefaultServerMonitor$ServerMonitorRunnable.run(DefaultServerMonitor.java:159)
	at java.base/java.lang.Thread.run(Thread.java:833)
Caused by: java.net.SocketException: Connection reset
	at java.base/sun.nio.ch.SocketChannelImpl.throwConnectionReset(SocketChannelImpl.java:394)
	at java.base/sun.nio.ch.SocketChannelImpl.read(SocketChannelImpl.java:426)
	at com.mongodb.internal.connection.tlschannel.impl.TlsChannelImpl.readFromChannel(TlsChannelImpl.java:357)
	at com.mongodb.internal.connection.tlschannel.impl.TlsChannelImpl.readFromChannel(TlsChannelImpl.java:344)
	at com.mongodb.internal.connection.tlschannel.impl.TlsChannelImpl.readAndUnwrap(TlsChannelImpl.java:629)
	at com.mongodb.internal.connection.tlschannel.impl.TlsChannelImpl.read(TlsChannelImpl.java:236)
	at com.mongodb.internal.connection.tlschannel.ClientTlsChannel.read(ClientTlsChannel.java:168)
	at com.mongodb.internal.connection.tlschannel.async.AsynchronousTlsChannelGroup.readHandlingTasks(AsynchronousTlsChannelGroup.java:599)
	at com.mongodb.internal.connection.tlschannel.async.AsynchronousTlsChannelGroup.doRead(AsynchronousTlsChannelGroup.java:564)
	at com.mongodb.internal.connection.tlschannel.async.AsynchronousTlsChannelGroup.lambda$processRead$5(AsynchronousTlsChannelGroup.java:476)
	at java.base/java.util.concurrent.ThreadPoolExecutor.runWorker(ThreadPoolExecutor.java:1136)
	at java.base/java.util.concurrent.ThreadPoolExecutor$Worker.run(ThreadPoolExecutor.java:635)
	... 1 common frames omitted
2023-06-13 08:19:46.272 [cluster-ClusterId{value='6487401bca884d67f34633c1', description='null'}-kaje-shard-00-01.5sjul.mongodb.net:27017] INFO  org.mongodb.driver.cluster - Exception in monitor thread while connecting to server kaje-shard-00-01.5sjul.mongodb.net:27017
com.mongodb.MongoSocketReadTimeoutException: Timeout while receiving message
	at com.mongodb.internal.connection.InternalStreamConnection.translateReadException(InternalStreamConnection.java:718)
	at com.mongodb.internal.connection.InternalStreamConnection.receiveMessageWithAdditionalTimeout(InternalStreamConnection.java:599)
	at com.mongodb.internal.connection.InternalStreamConnection.receiveCommandMessageResponse(InternalStreamConnection.java:440)
	at com.mongodb.internal.connection.InternalStreamConnection.receive(InternalStreamConnection.java:397)
	at com.mongodb.internal.connection.DefaultServerMonitor$ServerMonitorRunnable.lookupServerDescription(DefaultServerMonitor.java:227)
	at com.mongodb.internal.connection.DefaultServerMonitor$ServerMonitorRunnable.run(DefaultServerMonitor.java:159)
	at java.base/java.lang.Thread.run(Thread.java:833)
Caused by: java.net.SocketTimeoutException: Read timed out
	at java.base/sun.nio.ch.NioSocketImpl.timedRead(NioSocketImpl.java:283)
	at java.base/sun.nio.ch.NioSocketImpl.implRead(NioSocketImpl.java:309)
	at java.base/sun.nio.ch.NioSocketImpl.read(NioSocketImpl.java:350)
	at java.base/sun.nio.ch.NioSocketImpl$1.read(NioSocketImpl.java:803)
	at java.base/java.net.Socket$SocketInputStream.read(Socket.java:966)
	at java.base/sun.security.ssl.SSLSocketInputRecord.read(SSLSocketInputRecord.java:478)
	at java.base/sun.security.ssl.SSLSocketInputRecord.readHeader(SSLSocketInputRecord.java:472)
	at java.base/sun.security.ssl.SSLSocketInputRecord.bytesInCompletePacket(SSLSocketInputRecord.java:70)
	at java.base/sun.security.ssl.SSLSocketImpl.readApplicationRecord(SSLSocketImpl.java:1460)
	at java.base/sun.security.ssl.SSLSocketImpl$AppInputStream.read(SSLSocketImpl.java:1064)
	at com.mongodb.internal.connection.SocketStream.read(SocketStream.java:113)
	at com.mongodb.internal.connection.SocketStream.read(SocketStream.java:138)
	at com.mongodb.internal.connection.InternalStreamConnection.receiveResponseBuffers(InternalStreamConnection.java:735)
	at com.mongodb.internal.connection.InternalStreamConnection.receiveMessageWithAdditionalTimeout(InternalStreamConnection.java:596)
	... 5 common frames omitted
2023-06-13 08:19:45.928 [cluster-ClusterId{value='6487401eca884d67f34633c2', description='null'}-kaje-shard-00-02.5sjul.mongodb.net:27017] INFO  org.mongodb.driver.cluster - Exception in monitor thread while connecting to server kaje-shard-00-02.5sjul.mongodb.net:27017
com.mongodb.MongoSocketReadException: Exception receiving message
	at com.mongodb.internal.connection.InternalStreamConnection.translateReadException(InternalStreamConnection.java:724)
	at com.mongodb.internal.connection.InternalStreamConnection.receiveMessageWithAdditionalTimeout(InternalStreamConnection.java:599)
	at com.mongodb.internal.connection.InternalStreamConnection.receiveCommandMessageResponse(InternalStreamConnection.java:440)
	at com.mongodb.internal.connection.InternalStreamConnection.receive(InternalStreamConnection.java:397)
	at com.mongodb.internal.connection.DefaultServerMonitor$ServerMonitorRunnable.lookupServerDescription(DefaultServerMonitor.java:227)
	at com.mongodb.internal.connection.DefaultServerMonitor$ServerMonitorRunnable.run(DefaultServerMonitor.java:159)
	at java.base/java.lang.Thread.run(Thread.java:833)
Caused by: java.net.SocketException: Connection reset
	at java.base/sun.nio.ch.SocketChannelImpl.throwConnectionReset(SocketChannelImpl.java:394)
	at java.base/sun.nio.ch.SocketChannelImpl.read(SocketChannelImpl.java:426)
	at com.mongodb.internal.connection.tlschannel.impl.TlsChannelImpl.readFromChannel(TlsChannelImpl.java:357)
	at com.mongodb.internal.connection.tlschannel.impl.TlsChannelImpl.readFromChannel(TlsChannelImpl.java:344)
	at com.mongodb.internal.connection.tlschannel.impl.TlsChannelImpl.readAndUnwrap(TlsChannelImpl.java:629)
	at com.mongodb.internal.connection.tlschannel.impl.TlsChannelImpl.read(TlsChannelImpl.java:236)
	at com.mongodb.internal.connection.tlschannel.ClientTlsChannel.read(ClientTlsChannel.java:168)
	at com.mongodb.internal.connection.tlschannel.async.AsynchronousTlsChannelGroup.readHandlingTasks(AsynchronousTlsChannelGroup.java:599)
	at com.mongodb.internal.connection.tlschannel.async.AsynchronousTlsChannelGroup.doRead(AsynchronousTlsChannelGroup.java:564)
	at com.mongodb.internal.connection.tlschannel.async.AsynchronousTlsChannelGroup.lambda$processRead$5(AsynchronousTlsChannelGroup.java:476)
	at java.base/java.util.concurrent.ThreadPoolExecutor.runWorker(ThreadPoolExecutor.java:1136)
	at java.base/java.util.concurrent.ThreadPoolExecutor$Worker.run(ThreadPoolExecutor.java:635)
	... 1 common frames omitted
2023-06-13 08:19:50.106 [cluster-ClusterId{value='6487401bca884d67f34633c1', description='null'}-kaje-shard-00-01.5sjul.mongodb.net:27017] INFO  org.mongodb.driver.cluster - Exception in monitor thread while connecting to server kaje-shard-00-01.5sjul.mongodb.net:27017
com.mongodb.MongoSocketException: kaje-shard-00-01.5sjul.mongodb.net
	at com.mongodb.ServerAddress.getSocketAddresses(ServerAddress.java:217)
	at com.mongodb.internal.connection.SocketStream.initializeSocket(SocketStream.java:78)
	at com.mongodb.internal.connection.SocketStream.open(SocketStream.java:68)
	at com.mongodb.internal.connection.InternalStreamConnection.open(InternalStreamConnection.java:204)
	at com.mongodb.internal.connection.DefaultServerMonitor$ServerMonitorRunnable.lookupServerDescription(DefaultServerMonitor.java:199)
	at com.mongodb.internal.connection.DefaultServerMonitor$ServerMonitorRunnable.run(DefaultServerMonitor.java:159)
	at java.base/java.lang.Thread.run(Thread.java:833)
Caused by: java.net.UnknownHostException: kaje-shard-00-01.5sjul.mongodb.net
	at java.base/java.net.InetAddress$CachedAddresses.get(InetAddress.java:801)
	at java.base/java.net.InetAddress.getAllByName0(InetAddress.java:1519)
	at java.base/java.net.InetAddress.getAllByName(InetAddress.java:1377)
	at java.base/java.net.InetAddress.getAllByName(InetAddress.java:1305)
	at com.mongodb.ServerAddress.getSocketAddresses(ServerAddress.java:209)
	... 6 common frames omitted
2023-06-13 08:19:46.954 [cluster-ClusterId{value='6487401eca884d67f34633c2', description='null'}-kaje-shard-00-01.5sjul.mongodb.net:27017] INFO  org.mongodb.driver.cluster - Exception in monitor thread while connecting to server kaje-shard-00-01.5sjul.mongodb.net:27017
com.mongodb.MongoSocketException: Host desconocido (kaje-shard-00-01.5sjul.mongodb.net)
	at com.mongodb.ServerAddress.getSocketAddress(ServerAddress.java:196)
	at com.mongodb.connection.TlsChannelStreamFactoryFactory$TlsChannelStream.openAsync(TlsChannelStreamFactoryFactory.java:216)
	at com.mongodb.internal.connection.AsynchronousChannelStream.open(AsynchronousChannelStream.java:125)
	at com.mongodb.internal.connection.InternalStreamConnection.open(InternalStreamConnection.java:204)
	at com.mongodb.internal.connection.DefaultServerMonitor$ServerMonitorRunnable.lookupServerDescription(DefaultServerMonitor.java:199)
	at com.mongodb.internal.connection.DefaultServerMonitor$ServerMonitorRunnable.run(DefaultServerMonitor.java:159)
	at java.base/java.lang.Thread.run(Thread.java:833)
Caused by: java.net.UnknownHostException: Host desconocido (kaje-shard-00-01.5sjul.mongodb.net)
	at java.base/java.net.Inet6AddressImpl.lookupAllHostAddr(Native Method)
	at java.base/java.net.InetAddress$PlatformNameService.lookupAllHostAddr(InetAddress.java:933)
	at java.base/java.net.InetAddress.getAddressesFromNameService(InetAddress.java:1529)
	at java.base/java.net.InetAddress$NameServiceAddresses.get(InetAddress.java:852)
	at java.base/java.net.InetAddress.getAllByName0(InetAddress.java:1519)
	at java.base/java.net.InetAddress.getAllByName(InetAddress.java:1377)
	at java.base/java.net.InetAddress.getAllByName(InetAddress.java:1305)
	at java.base/java.net.InetAddress.getByName(InetAddress.java:1255)
	at com.mongodb.ServerAddress.getSocketAddress(ServerAddress.java:194)
	... 6 common frames omitted
2023-06-13 08:19:46.955 [cluster-ClusterId{value='6487401bca884d67f34633c1', description='null'}-kaje-shard-00-00.5sjul.mongodb.net:27017] INFO  org.mongodb.driver.cluster - Exception in monitor thread while connecting to server kaje-shard-00-00.5sjul.mongodb.net:27017
com.mongodb.MongoSocketException: Host desconocido (kaje-shard-00-00.5sjul.mongodb.net)
	at com.mongodb.ServerAddress.getSocketAddresses(ServerAddress.java:217)
	at com.mongodb.internal.connection.SocketStream.initializeSocket(SocketStream.java:78)
	at com.mongodb.internal.connection.SocketStream.open(SocketStream.java:68)
	at com.mongodb.internal.connection.InternalStreamConnection.open(InternalStreamConnection.java:204)
	at com.mongodb.internal.connection.DefaultServerMonitor$ServerMonitorRunnable.lookupServerDescription(DefaultServerMonitor.java:199)
	at com.mongodb.internal.connection.DefaultServerMonitor$ServerMonitorRunnable.run(DefaultServerMonitor.java:159)
	at java.base/java.lang.Thread.run(Thread.java:833)
Caused by: java.net.UnknownHostException: Host desconocido (kaje-shard-00-00.5sjul.mongodb.net)
	at java.base/java.net.Inet6AddressImpl.lookupAllHostAddr(Native Method)
	at java.base/java.net.InetAddress$PlatformNameService.lookupAllHostAddr(InetAddress.java:933)
	at java.base/java.net.InetAddress.getAddressesFromNameService(InetAddress.java:1529)
	at java.base/java.net.InetAddress$NameServiceAddresses.get(InetAddress.java:852)
	at java.base/java.net.InetAddress.getAllByName0(InetAddress.java:1519)
	at java.base/java.net.InetAddress.getAllByName(InetAddress.java:1377)
	at java.base/java.net.InetAddress.getAllByName(InetAddress.java:1305)
	at com.mongodb.ServerAddress.getSocketAddresses(ServerAddress.java:209)
	... 6 common frames omitted
2023-06-13 08:19:50.106 [cluster-ClusterId{value='6487401bca884d67f34633c1', description='null'}-kaje-shard-00-02.5sjul.mongodb.net:27017] INFO  org.mongodb.driver.cluster - Exception in monitor thread while connecting to server kaje-shard-00-02.5sjul.mongodb.net:27017
com.mongodb.MongoSocketException: Host desconocido (kaje-shard-00-02.5sjul.mongodb.net)
	at com.mongodb.ServerAddress.getSocketAddresses(ServerAddress.java:217)
	at com.mongodb.internal.connection.SocketStream.initializeSocket(SocketStream.java:78)
	at com.mongodb.internal.connection.SocketStream.open(SocketStream.java:68)
	at com.mongodb.internal.connection.InternalStreamConnection.open(InternalStreamConnection.java:204)
	at com.mongodb.internal.connection.DefaultServerMonitor$ServerMonitorRunnable.lookupServerDescription(DefaultServerMonitor.java:199)
	at com.mongodb.internal.connection.DefaultServerMonitor$ServerMonitorRunnable.run(DefaultServerMonitor.java:159)
	at java.base/java.lang.Thread.run(Thread.java:833)
Caused by: java.net.UnknownHostException: Host desconocido (kaje-shard-00-02.5sjul.mongodb.net)
	at java.base/java.net.Inet6AddressImpl.lookupAllHostAddr(Native Method)
	at java.base/java.net.InetAddress$PlatformNameService.lookupAllHostAddr(InetAddress.java:933)
	at java.base/java.net.InetAddress.getAddressesFromNameService(InetAddress.java:1529)
	at java.base/java.net.InetAddress$NameServiceAddresses.get(InetAddress.java:852)
	at java.base/java.net.InetAddress.getAllByName0(InetAddress.java:1519)
	at java.base/java.net.InetAddress.getAllByName(InetAddress.java:1377)
	at java.base/java.net.InetAddress.getAllByName(InetAddress.java:1305)
	at com.mongodb.ServerAddress.getSocketAddresses(ServerAddress.java:209)
	... 6 common frames omitted
2023-06-13 08:19:50.106 [cluster-ClusterId{value='6487401eca884d67f34633c2', description='null'}-kaje-shard-00-00.5sjul.mongodb.net:27017] INFO  org.mongodb.driver.cluster - Exception in monitor thread while connecting to server kaje-shard-00-00.5sjul.mongodb.net:27017
com.mongodb.MongoSocketException: kaje-shard-00-00.5sjul.mongodb.net
	at com.mongodb.ServerAddress.getSocketAddress(ServerAddress.java:196)
	at com.mongodb.connection.TlsChannelStreamFactoryFactory$TlsChannelStream.openAsync(TlsChannelStreamFactoryFactory.java:216)
	at com.mongodb.internal.connection.AsynchronousChannelStream.open(AsynchronousChannelStream.java:125)
	at com.mongodb.internal.connection.InternalStreamConnection.open(InternalStreamConnection.java:204)
	at com.mongodb.internal.connection.DefaultServerMonitor$ServerMonitorRunnable.lookupServerDescription(DefaultServerMonitor.java:199)
	at com.mongodb.internal.connection.DefaultServerMonitor$ServerMonitorRunnable.run(DefaultServerMonitor.java:159)
	at java.base/java.lang.Thread.run(Thread.java:833)
Caused by: java.net.UnknownHostException: kaje-shard-00-00.5sjul.mongodb.net
	at java.base/java.net.InetAddress$CachedAddresses.get(InetAddress.java:801)
	at java.base/java.net.InetAddress.getAllByName0(InetAddress.java:1519)
	at java.base/java.net.InetAddress.getAllByName(InetAddress.java:1377)
	at java.base/java.net.InetAddress.getAllByName(InetAddress.java:1305)
	at java.base/java.net.InetAddress.getByName(InetAddress.java:1255)
	at com.mongodb.ServerAddress.getSocketAddress(ServerAddress.java:194)
	... 6 common frames omitted
2023-06-13 08:19:50.107 [cluster-ClusterId{value='6487401eca884d67f34633c2', description='null'}-kaje-shard-00-02.5sjul.mongodb.net:27017] INFO  org.mongodb.driver.cluster - Exception in monitor thread while connecting to server kaje-shard-00-02.5sjul.mongodb.net:27017
com.mongodb.MongoSocketException: kaje-shard-00-02.5sjul.mongodb.net
	at com.mongodb.ServerAddress.getSocketAddress(ServerAddress.java:196)
	at com.mongodb.connection.TlsChannelStreamFactoryFactory$TlsChannelStream.openAsync(TlsChannelStreamFactoryFactory.java:216)
	at com.mongodb.internal.connection.AsynchronousChannelStream.open(AsynchronousChannelStream.java:125)
	at com.mongodb.internal.connection.InternalStreamConnection.open(InternalStreamConnection.java:204)
	at com.mongodb.internal.connection.DefaultServerMonitor$ServerMonitorRunnable.lookupServerDescription(DefaultServerMonitor.java:199)
	at com.mongodb.internal.connection.DefaultServerMonitor$ServerMonitorRunnable.run(DefaultServerMonitor.java:159)
	at java.base/java.lang.Thread.run(Thread.java:833)
Caused by: java.net.UnknownHostException: kaje-shard-00-02.5sjul.mongodb.net
	at java.base/java.net.InetAddress$CachedAddresses.get(InetAddress.java:801)
	at java.base/java.net.InetAddress.getAllByName0(InetAddress.java:1519)
	at java.base/java.net.InetAddress.getAllByName(InetAddress.java:1377)
	at java.base/java.net.InetAddress.getAllByName(InetAddress.java:1305)
	at java.base/java.net.InetAddress.getByName(InetAddress.java:1255)
	at com.mongodb.ServerAddress.getSocketAddress(ServerAddress.java:194)
	... 6 common frames omitted
2023-06-13 08:20:00.115 [cluster-ClusterId{value='6487401bca884d67f34633c1', description='null'}-kaje-shard-00-00.5sjul.mongodb.net:27017] INFO  org.mongodb.driver.cluster - Exception in monitor thread while connecting to server kaje-shard-00-00.5sjul.mongodb.net:27017
com.mongodb.MongoSocketException: kaje-shard-00-00.5sjul.mongodb.net
	at com.mongodb.ServerAddress.getSocketAddresses(ServerAddress.java:217)
	at com.mongodb.internal.connection.SocketStream.initializeSocket(SocketStream.java:78)
	at com.mongodb.internal.connection.SocketStream.open(SocketStream.java:68)
	at com.mongodb.internal.connection.InternalStreamConnection.open(InternalStreamConnection.java:204)
	at com.mongodb.internal.connection.DefaultServerMonitor$ServerMonitorRunnable.lookupServerDescription(DefaultServerMonitor.java:199)
	at com.mongodb.internal.connection.DefaultServerMonitor$ServerMonitorRunnable.run(DefaultServerMonitor.java:159)
	at java.base/java.lang.Thread.run(Thread.java:833)
Caused by: java.net.UnknownHostException: kaje-shard-00-00.5sjul.mongodb.net
	at java.base/java.net.InetAddress$CachedAddresses.get(InetAddress.java:801)
	at java.base/java.net.InetAddress.getAllByName0(InetAddress.java:1519)
	at java.base/java.net.InetAddress.getAllByName(InetAddress.java:1377)
	at java.base/java.net.InetAddress.getAllByName(InetAddress.java:1305)
	at com.mongodb.ServerAddress.getSocketAddresses(ServerAddress.java:209)
	... 6 common frames omitted
2023-06-13 08:20:00.116 [cluster-ClusterId{value='6487401eca884d67f34633c2', description='null'}-kaje-shard-00-01.5sjul.mongodb.net:27017] INFO  org.mongodb.driver.cluster - Exception in monitor thread while connecting to server kaje-shard-00-01.5sjul.mongodb.net:27017
com.mongodb.MongoSocketException: kaje-shard-00-01.5sjul.mongodb.net
	at com.mongodb.ServerAddress.getSocketAddress(ServerAddress.java:196)
	at com.mongodb.connection.TlsChannelStreamFactoryFactory$TlsChannelStream.openAsync(TlsChannelStreamFactoryFactory.java:216)
	at com.mongodb.internal.connection.AsynchronousChannelStream.open(AsynchronousChannelStream.java:125)
	at com.mongodb.internal.connection.InternalStreamConnection.open(InternalStreamConnection.java:204)
	at com.mongodb.internal.connection.DefaultServerMonitor$ServerMonitorRunnable.lookupServerDescription(DefaultServerMonitor.java:199)
	at com.mongodb.internal.connection.DefaultServerMonitor$ServerMonitorRunnable.run(DefaultServerMonitor.java:159)
	at java.base/java.lang.Thread.run(Thread.java:833)
Caused by: java.net.UnknownHostException: kaje-shard-00-01.5sjul.mongodb.net
	at java.base/java.net.InetAddress$CachedAddresses.get(InetAddress.java:801)
	at java.base/java.net.InetAddress.getAllByName0(InetAddress.java:1519)
	at java.base/java.net.InetAddress.getAllByName(InetAddress.java:1377)
	at java.base/java.net.InetAddress.getAllByName(InetAddress.java:1305)
	at java.base/java.net.InetAddress.getByName(InetAddress.java:1255)
	at com.mongodb.ServerAddress.getSocketAddress(ServerAddress.java:194)
	... 6 common frames omitted
2023-06-13 08:23:00.306 [cluster-ClusterId{value='6487401bca884d67f34633c1', description='null'}-kaje-shard-00-02.5sjul.mongodb.net:27017] INFO  org.mongodb.driver.cluster - Exception in monitor thread while connecting to server kaje-shard-00-02.5sjul.mongodb.net:27017
com.mongodb.MongoSocketException: kaje-shard-00-02.5sjul.mongodb.net
	at com.mongodb.ServerAddress.getSocketAddresses(ServerAddress.java:217)
	at com.mongodb.internal.connection.SocketStream.initializeSocket(SocketStream.java:78)
	at com.mongodb.internal.connection.SocketStream.open(SocketStream.java:68)
	at com.mongodb.internal.connection.InternalStreamConnection.open(InternalStreamConnection.java:204)
	at com.mongodb.internal.connection.DefaultServerMonitor$ServerMonitorRunnable.lookupServerDescription(DefaultServerMonitor.java:199)
	at com.mongodb.internal.connection.DefaultServerMonitor$ServerMonitorRunnable.run(DefaultServerMonitor.java:159)
	at java.base/java.lang.Thread.run(Thread.java:833)
Caused by: java.net.UnknownHostException: kaje-shard-00-02.5sjul.mongodb.net
	at java.base/java.net.InetAddress$CachedAddresses.get(InetAddress.java:801)
	at java.base/java.net.InetAddress.getAllByName0(InetAddress.java:1519)
	at java.base/java.net.InetAddress.getAllByName(InetAddress.java:1377)
	at java.base/java.net.InetAddress.getAllByName(InetAddress.java:1305)
	at com.mongodb.ServerAddress.getSocketAddresses(ServerAddress.java:209)
	... 6 common frames omitted
2023-06-13 08:23:00.307 [cluster-ClusterId{value='6487401eca884d67f34633c2', description='null'}-kaje-shard-00-02.5sjul.mongodb.net:27017] INFO  org.mongodb.driver.cluster - Exception in monitor thread while connecting to server kaje-shard-00-02.5sjul.mongodb.net:27017
com.mongodb.MongoSocketException: Host desconocido (kaje-shard-00-02.5sjul.mongodb.net)
	at com.mongodb.ServerAddress.getSocketAddress(ServerAddress.java:196)
	at com.mongodb.connection.TlsChannelStreamFactoryFactory$TlsChannelStream.openAsync(TlsChannelStreamFactoryFactory.java:216)
	at com.mongodb.internal.connection.AsynchronousChannelStream.open(AsynchronousChannelStream.java:125)
	at com.mongodb.internal.connection.InternalStreamConnection.open(InternalStreamConnection.java:204)
	at com.mongodb.internal.connection.DefaultServerMonitor$ServerMonitorRunnable.lookupServerDescription(DefaultServerMonitor.java:199)
	at com.mongodb.internal.connection.DefaultServerMonitor$ServerMonitorRunnable.run(DefaultServerMonitor.java:159)
	at java.base/java.lang.Thread.run(Thread.java:833)
Caused by: java.net.UnknownHostException: Host desconocido (kaje-shard-00-02.5sjul.mongodb.net)
	at java.base/java.net.Inet6AddressImpl.lookupAllHostAddr(Native Method)
	at java.base/java.net.InetAddress$PlatformNameService.lookupAllHostAddr(InetAddress.java:933)
	at java.base/java.net.InetAddress.getAddressesFromNameService(InetAddress.java:1529)
	at java.base/java.net.InetAddress$NameServiceAddresses.get(InetAddress.java:852)
	at java.base/java.net.InetAddress.getAllByName0(InetAddress.java:1519)
	at java.base/java.net.InetAddress.getAllByName(InetAddress.java:1377)
	at java.base/java.net.InetAddress.getAllByName(InetAddress.java:1305)
	at java.base/java.net.InetAddress.getByName(InetAddress.java:1255)
	at com.mongodb.ServerAddress.getSocketAddress(ServerAddress.java:194)
	... 6 common frames omitted
2023-06-13 08:23:10.308 [cluster-ClusterId{value='6487401bca884d67f34633c1', description='null'}-kaje-shard-00-02.5sjul.mongodb.net:27017] INFO  org.mongodb.driver.cluster - Exception in monitor thread while connecting to server kaje-shard-00-02.5sjul.mongodb.net:27017
com.mongodb.MongoSocketException: Host desconocido (kaje-shard-00-02.5sjul.mongodb.net)
	at com.mongodb.ServerAddress.getSocketAddresses(ServerAddress.java:217)
	at com.mongodb.internal.connection.SocketStream.initializeSocket(SocketStream.java:78)
	at com.mongodb.internal.connection.SocketStream.open(SocketStream.java:68)
	at com.mongodb.internal.connection.InternalStreamConnection.open(InternalStreamConnection.java:204)
	at com.mongodb.internal.connection.DefaultServerMonitor$ServerMonitorRunnable.lookupServerDescription(DefaultServerMonitor.java:199)
	at com.mongodb.internal.connection.DefaultServerMonitor$ServerMonitorRunnable.run(DefaultServerMonitor.java:159)
	at java.base/java.lang.Thread.run(Thread.java:833)
Caused by: java.net.UnknownHostException: Host desconocido (kaje-shard-00-02.5sjul.mongodb.net)
	at java.base/java.net.Inet6AddressImpl.lookupAllHostAddr(Native Method)
	at java.base/java.net.InetAddress$PlatformNameService.lookupAllHostAddr(InetAddress.java:933)
	at java.base/java.net.InetAddress.getAddressesFromNameService(InetAddress.java:1529)
	at java.base/java.net.InetAddress$NameServiceAddresses.get(InetAddress.java:852)
	at java.base/java.net.InetAddress.getAllByName0(InetAddress.java:1519)
	at java.base/java.net.InetAddress.getAllByName(InetAddress.java:1377)
	at java.base/java.net.InetAddress.getAllByName(InetAddress.java:1305)
	at com.mongodb.ServerAddress.getSocketAddresses(ServerAddress.java:209)
	... 6 common frames omitted
2023-06-13 08:23:10.323 [cluster-ClusterId{value='6487401eca884d67f34633c2', description='null'}-kaje-shard-00-02.5sjul.mongodb.net:27017] INFO  org.mongodb.driver.cluster - Exception in monitor thread while connecting to server kaje-shard-00-02.5sjul.mongodb.net:27017
com.mongodb.MongoSocketException: kaje-shard-00-02.5sjul.mongodb.net
	at com.mongodb.ServerAddress.getSocketAddress(ServerAddress.java:196)
	at com.mongodb.connection.TlsChannelStreamFactoryFactory$TlsChannelStream.openAsync(TlsChannelStreamFactoryFactory.java:216)
	at com.mongodb.internal.connection.AsynchronousChannelStream.open(AsynchronousChannelStream.java:125)
	at com.mongodb.internal.connection.InternalStreamConnection.open(InternalStreamConnection.java:204)
	at com.mongodb.internal.connection.DefaultServerMonitor$ServerMonitorRunnable.lookupServerDescription(DefaultServerMonitor.java:199)
	at com.mongodb.internal.connection.DefaultServerMonitor$ServerMonitorRunnable.run(DefaultServerMonitor.java:159)
	at java.base/java.lang.Thread.run(Thread.java:833)
Caused by: java.net.UnknownHostException: kaje-shard-00-02.5sjul.mongodb.net
	at java.base/java.net.InetAddress$CachedAddresses.get(InetAddress.java:801)
	at java.base/java.net.InetAddress.getAllByName0(InetAddress.java:1519)
	at java.base/java.net.InetAddress.getAllByName(InetAddress.java:1377)
	at java.base/java.net.InetAddress.getAllByName(InetAddress.java:1305)
	at java.base/java.net.InetAddress.getByName(InetAddress.java:1255)
	at com.mongodb.ServerAddress.getSocketAddress(ServerAddress.java:194)
	... 6 common frames omitted
2023-06-13 08:23:20.312 [cluster-ClusterId{value='6487401bca884d67f34633c1', description='null'}-kaje-shard-00-02.5sjul.mongodb.net:27017] INFO  org.mongodb.driver.cluster - Exception in monitor thread while connecting to server kaje-shard-00-02.5sjul.mongodb.net:27017
com.mongodb.MongoSocketException: kaje-shard-00-02.5sjul.mongodb.net
	at com.mongodb.ServerAddress.getSocketAddresses(ServerAddress.java:217)
	at com.mongodb.internal.connection.SocketStream.initializeSocket(SocketStream.java:78)
	at com.mongodb.internal.connection.SocketStream.open(SocketStream.java:68)
	at com.mongodb.internal.connection.InternalStreamConnection.open(InternalStreamConnection.java:204)
	at com.mongodb.internal.connection.DefaultServerMonitor$ServerMonitorRunnable.lookupServerDescription(DefaultServerMonitor.java:199)
	at com.mongodb.internal.connection.DefaultServerMonitor$ServerMonitorRunnable.run(DefaultServerMonitor.java:159)
	at java.base/java.lang.Thread.run(Thread.java:833)
Caused by: java.net.UnknownHostException: kaje-shard-00-02.5sjul.mongodb.net
	at java.base/java.net.InetAddress$CachedAddresses.get(InetAddress.java:801)
	at java.base/java.net.InetAddress.getAllByName0(InetAddress.java:1519)
	at java.base/java.net.InetAddress.getAllByName(InetAddress.java:1377)
	at java.base/java.net.InetAddress.getAllByName(InetAddress.java:1305)
	at com.mongodb.ServerAddress.getSocketAddresses(ServerAddress.java:209)
	... 6 common frames omitted
2023-06-13 08:23:20.328 [cluster-ClusterId{value='6487401eca884d67f34633c2', description='null'}-kaje-shard-00-02.5sjul.mongodb.net:27017] INFO  org.mongodb.driver.cluster - Exception in monitor thread while connecting to server kaje-shard-00-02.5sjul.mongodb.net:27017
com.mongodb.MongoSocketException: Host desconocido (kaje-shard-00-02.5sjul.mongodb.net)
	at com.mongodb.ServerAddress.getSocketAddress(ServerAddress.java:196)
	at com.mongodb.connection.TlsChannelStreamFactoryFactory$TlsChannelStream.openAsync(TlsChannelStreamFactoryFactory.java:216)
	at com.mongodb.internal.connection.AsynchronousChannelStream.open(AsynchronousChannelStream.java:125)
	at com.mongodb.internal.connection.InternalStreamConnection.open(InternalStreamConnection.java:204)
	at com.mongodb.internal.connection.DefaultServerMonitor$ServerMonitorRunnable.lookupServerDescription(DefaultServerMonitor.java:199)
	at com.mongodb.internal.connection.DefaultServerMonitor$ServerMonitorRunnable.run(DefaultServerMonitor.java:159)
	at java.base/java.lang.Thread.run(Thread.java:833)
Caused by: java.net.UnknownHostException: Host desconocido (kaje-shard-00-02.5sjul.mongodb.net)
	at java.base/java.net.Inet6AddressImpl.lookupAllHostAddr(Native Method)
	at java.base/java.net.InetAddress$PlatformNameService.lookupAllHostAddr(InetAddress.java:933)
	at java.base/java.net.InetAddress.getAddressesFromNameService(InetAddress.java:1529)
	at java.base/java.net.InetAddress$NameServiceAddresses.get(InetAddress.java:852)
	at java.base/java.net.InetAddress.getAllByName0(InetAddress.java:1519)
	at java.base/java.net.InetAddress.getAllByName(InetAddress.java:1377)
	at java.base/java.net.InetAddress.getAllByName(InetAddress.java:1305)
	at java.base/java.net.InetAddress.getByName(InetAddress.java:1255)
	at com.mongodb.ServerAddress.getSocketAddress(ServerAddress.java:194)
	... 6 common frames omitted
2023-06-13 13:26:44.178 [background-preinit] INFO  o.h.validator.internal.util.Version - HV000001: Hibernate Validator 8.0.0.Final
2023-06-13 13:26:44.264 [main] INFO  c.login.ApiLoginSecurityApplication - Starting ApiLoginSecurityApplication using Java 17.0.5 with PID 20492 (C:\Users\jesus.lizarragav\Desktop\api-login-security\target\classes started by jesus.lizarragav in C:\Users\jesus.lizarragav\Desktop\api-login-security)
2023-06-13 13:26:44.266 [main] INFO  c.login.ApiLoginSecurityApplication - No active profile set, falling back to 1 default profile: "default"
2023-06-13 13:26:45.710 [main] INFO  o.s.d.r.c.RepositoryConfigurationDelegate - Bootstrapping Spring Data Reactive MongoDB repositories in DEFAULT mode.
2023-06-13 13:26:45.878 [main] INFO  o.s.d.r.c.RepositoryConfigurationDelegate - Finished Spring Data repository scanning in 157 ms. Found 0 Reactive MongoDB repository interfaces.
2023-06-13 13:26:45.889 [main] INFO  o.s.d.r.c.RepositoryConfigurationDelegate - Bootstrapping Spring Data MongoDB repositories in DEFAULT mode.
2023-06-13 13:26:45.925 [main] INFO  o.s.d.r.c.RepositoryConfigurationDelegate - Finished Spring Data repository scanning in 35 ms. Found 1 MongoDB repository interfaces.
2023-06-13 13:26:46.251 [main] INFO  o.s.c.s.PostProcessorRegistrationDelegate$BeanPostProcessorChecker - Bean 'org.springframework.ws.config.annotation.DelegatingWsConfiguration' of type [org.springframework.ws.config.annotation.DelegatingWsConfiguration$$SpringCGLIB$$0] is not eligible for getting processed by all BeanPostProcessors (for example: not eligible for auto-proxying)
2023-06-13 13:26:46.283 [main] INFO  o.s.w.s.a.s.AnnotationActionEndpointMapping - Supporting [WS-Addressing August 2004, WS-Addressing 1.0]
2023-06-13 13:26:46.978 [main] INFO  o.s.b.w.e.tomcat.TomcatWebServer - Tomcat initialized with port(s): 8089 (http)
2023-06-13 13:26:46.999 [main] INFO  o.a.coyote.http11.Http11NioProtocol - Initializing ProtocolHandler ["http-nio-8089"]
2023-06-13 13:26:47.000 [main] INFO  o.a.catalina.core.StandardService - Starting service [Tomcat]
2023-06-13 13:26:47.001 [main] INFO  o.a.catalina.core.StandardEngine - Starting Servlet engine: [Apache Tomcat/10.1.8]
2023-06-13 13:26:47.202 [main] INFO  o.a.c.c.C.[Tomcat].[localhost].[/] - Initializing Spring embedded WebApplicationContext
2023-06-13 13:26:47.206 [main] INFO  o.s.b.w.s.c.ServletWebServerApplicationContext - Root WebApplicationContext: initialization completed in 2851 ms
2023-06-13 13:26:47.498 [main] WARN  org.mongodb.driver.uri - Connection string contains unsupported option 'db_close_on_exit'.
2023-06-13 13:26:47.554 [cluster-ClusterId{value='6488d10774e0d642d23fa1ff', description='null'}-srv-kaje.5sjul.mongodb.net] INFO  org.mongodb.driver.cluster - Adding discovered server kaje-shard-00-01.5sjul.mongodb.net:27017 to client view of cluster
2023-06-13 13:26:47.604 [main] INFO  org.mongodb.driver.client - MongoClient with metadata {"driver": {"name": "mongo-java-driver|sync|spring-boot", "version": "4.9.1"}, "os": {"type": "Windows", "name": "Windows 10", "architecture": "amd64", "version": "10.0"}, "platform": "Java/Oracle Corporation/17.0.5+9-LTS-191"} created with settings MongoClientSettings{readPreference=primary, writeConcern=WriteConcern{w=majority, wTimeout=null ms, journal=null}, retryWrites=true, retryReads=true, readConcern=ReadConcern{level=null}, credential=MongoCredential{mechanism=null, userName='yissusks', source='admin', password=<hidden>, mechanismProperties=<hidden>}, streamFactoryFactory=null, commandListeners=[], codecRegistry=ProvidersCodecRegistry{codecProviders=[ValueCodecProvider{}, BsonValueCodecProvider{}, DBRefCodecProvider{}, DBObjectCodecProvider{}, DocumentCodecProvider{}, CollectionCodecProvider{}, IterableCodecProvider{}, MapCodecProvider{}, GeoJsonCodecProvider{}, GridFSFileCodecProvider{}, Jsr310CodecProvider{}, JsonObjectCodecProvider{}, BsonCodecProvider{}, EnumCodecProvider{}, com.mongodb.client.model.mql.ExpressionCodecProvider@2180e789, com.mongodb.Jep395RecordCodecProvider@5e9bbd9d]}, loggerSettings=LoggerSettings{maxDocumentLength=1000}, clusterSettings={hosts=[127.0.0.1:27017], srvHost=kaje.5sjul.mongodb.net, srvServiceName=mongodb, mode=MULTIPLE, requiredClusterType=REPLICA_SET, requiredReplicaSetName='atlas-gebfb0-shard-0', serverSelector='null', clusterListeners='[]', serverSelectionTimeout='30000 ms', localThreshold='30000 ms'}, socketSettings=SocketSettings{connectTimeoutMS=10000, readTimeoutMS=0, receiveBufferSize=0, sendBufferSize=0}, heartbeatSocketSettings=SocketSettings{connectTimeoutMS=10000, readTimeoutMS=10000, receiveBufferSize=0, sendBufferSize=0}, connectionPoolSettings=ConnectionPoolSettings{maxSize=100, minSize=0, maxWaitTimeMS=120000, maxConnectionLifeTimeMS=0, maxConnectionIdleTimeMS=0, maintenanceInitialDelayMS=0, maintenanceFrequencyMS=60000, connectionPoolListeners=[], maxConnecting=2}, serverSettings=ServerSettings{heartbeatFrequencyMS=10000, minHeartbeatFrequencyMS=500, serverListeners='[]', serverMonitorListeners='[]'}, sslSettings=SslSettings{enabled=true, invalidHostNameAllowed=false, context=null}, applicationName='null', compressorList=[], uuidRepresentation=JAVA_LEGACY, serverApi=null, autoEncryptionSettings=null, contextProvider=null}
2023-06-13 13:26:47.613 [cluster-ClusterId{value='6488d10774e0d642d23fa1ff', description='null'}-srv-kaje.5sjul.mongodb.net] INFO  org.mongodb.driver.cluster - Adding discovered server kaje-shard-00-02.5sjul.mongodb.net:27017 to client view of cluster
2023-06-13 13:26:47.616 [main] WARN  org.mongodb.driver.uri - Connection string contains unsupported option 'db_close_on_exit'.
2023-06-13 13:26:47.621 [cluster-ClusterId{value='6488d10774e0d642d23fa1ff', description='null'}-srv-kaje.5sjul.mongodb.net] INFO  org.mongodb.driver.cluster - Adding discovered server kaje-shard-00-00.5sjul.mongodb.net:27017 to client view of cluster
2023-06-13 13:26:48.650 [main] WARN  o.s.b.a.s.s.UserDetailsServiceAutoConfiguration - 

Using generated security password: 72d4116b-f687-4757-a38b-8a257cea8792

This generated password is for development use only. Your security configuration must be updated before running your application in production.

2023-06-13 13:26:48.691 [cluster-ClusterId{value='6488d10774e0d642d23fa1ff', description='null'}-kaje-shard-00-01.5sjul.mongodb.net:27017] INFO  org.mongodb.driver.cluster - Monitor thread successfully connected to server with description ServerDescription{address=kaje-shard-00-01.5sjul.mongodb.net:27017, type=REPLICA_SET_PRIMARY, state=CONNECTED, ok=true, minWireVersion=0, maxWireVersion=17, maxDocumentSize=16777216, logicalSessionTimeoutMinutes=30, roundTripTimeNanos=668329600, setName='atlas-gebfb0-shard-0', canonicalAddress=kaje-shard-00-01.5sjul.mongodb.net:27017, hosts=[kaje-shard-00-02.5sjul.mongodb.net:27017, kaje-shard-00-01.5sjul.mongodb.net:27017, kaje-shard-00-00.5sjul.mongodb.net:27017], passives=[], arbiters=[], primary='kaje-shard-00-01.5sjul.mongodb.net:27017', tagSet=TagSet{[Tag{name='nodeType', value='ELECTABLE'}, Tag{name='provider', value='AWS'}, Tag{name='region', value='US_EAST_1'}, Tag{name='workloadType', value='OPERATIONAL'}]}, electionId=7fffffff00000000000000b6, setVersion=7, topologyVersion=TopologyVersion{processId=6480fbf45a760c6083542693, counter=6}, lastWriteDate=Tue Jun 13 13:26:48 GMT-07:00 2023, lastUpdateTimeNanos=6555567702500}
2023-06-13 13:26:48.691 [cluster-ClusterId{value='6488d10774e0d642d23fa1ff', description='null'}-kaje-shard-00-00.5sjul.mongodb.net:27017] INFO  org.mongodb.driver.cluster - Monitor thread successfully connected to server with description ServerDescription{address=kaje-shard-00-00.5sjul.mongodb.net:27017, type=REPLICA_SET_SECONDARY, state=CONNECTED, ok=true, minWireVersion=0, maxWireVersion=17, maxDocumentSize=16777216, logicalSessionTimeoutMinutes=30, roundTripTimeNanos=667121100, setName='atlas-gebfb0-shard-0', canonicalAddress=kaje-shard-00-00.5sjul.mongodb.net:27017, hosts=[kaje-shard-00-02.5sjul.mongodb.net:27017, kaje-shard-00-01.5sjul.mongodb.net:27017, kaje-shard-00-00.5sjul.mongodb.net:27017], passives=[], arbiters=[], primary='kaje-shard-00-01.5sjul.mongodb.net:27017', tagSet=TagSet{[Tag{name='nodeType', value='ELECTABLE'}, Tag{name='provider', value='AWS'}, Tag{name='region', value='US_EAST_1'}, Tag{name='workloadType', value='OPERATIONAL'}]}, electionId=null, setVersion=7, topologyVersion=TopologyVersion{processId=6480fad5cb65c30a8d290274, counter=4}, lastWriteDate=Tue Jun 13 13:26:48 GMT-07:00 2023, lastUpdateTimeNanos=6555566497000}
2023-06-13 13:26:48.691 [cluster-ClusterId{value='6488d10774e0d642d23fa1ff', description='null'}-kaje-shard-00-02.5sjul.mongodb.net:27017] INFO  org.mongodb.driver.cluster - Monitor thread successfully connected to server with description ServerDescription{address=kaje-shard-00-02.5sjul.mongodb.net:27017, type=REPLICA_SET_SECONDARY, state=CONNECTED, ok=true, minWireVersion=0, maxWireVersion=17, maxDocumentSize=16777216, logicalSessionTimeoutMinutes=30, roundTripTimeNanos=667105800, setName='atlas-gebfb0-shard-0', canonicalAddress=kaje-shard-00-02.5sjul.mongodb.net:27017, hosts=[kaje-shard-00-02.5sjul.mongodb.net:27017, kaje-shard-00-01.5sjul.mongodb.net:27017, kaje-shard-00-00.5sjul.mongodb.net:27017], passives=[], arbiters=[], primary='kaje-shard-00-01.5sjul.mongodb.net:27017', tagSet=TagSet{[Tag{name='nodeType', value='ELECTABLE'}, Tag{name='provider', value='AWS'}, Tag{name='region', value='US_EAST_1'}, Tag{name='workloadType', value='OPERATIONAL'}]}, electionId=null, setVersion=7, topologyVersion=TopologyVersion{processId=6480fce1f01eb7adbc9aaeb7, counter=3}, lastWriteDate=Tue Jun 13 13:26:48 GMT-07:00 2023, lastUpdateTimeNanos=6555566497000}
2023-06-13 13:26:48.705 [cluster-ClusterId{value='6488d10774e0d642d23fa1ff', description='null'}-kaje-shard-00-01.5sjul.mongodb.net:27017] INFO  org.mongodb.driver.cluster - Discovered replica set primary kaje-shard-00-01.5sjul.mongodb.net:27017 with max election id 7fffffff00000000000000b6 and max set version 7
2023-06-13 13:26:50.377 [main] INFO  o.s.s.web.DefaultSecurityFilterChain - Will secure any request with [org.springframework.security.web.session.DisableEncodeUrlFilter@7adae08e, org.springframework.security.web.context.request.async.WebAsyncManagerIntegrationFilter@49c83262, org.springframework.security.web.context.SecurityContextHolderFilter@7bbdb220, org.springframework.security.web.header.HeaderWriterFilter@18c820d2, org.springframework.security.web.authentication.logout.LogoutFilter@79604abe, org.springframework.security.web.savedrequest.RequestCacheAwareFilter@d120d7c, org.springframework.security.web.servletapi.SecurityContextHolderAwareRequestFilter@38a96593, org.springframework.security.web.authentication.AnonymousAuthenticationFilter@273aaab7, org.springframework.security.web.session.SessionManagementFilter@36e409e0, org.springframework.security.web.access.ExceptionTranslationFilter@144ee8a7, org.springframework.security.web.access.intercept.AuthorizationFilter@e07b4db]
2023-06-13 13:26:50.815 [cluster-ClusterId{value='6488d10a74e0d642d23fa200', description='null'}-srv-kaje.5sjul.mongodb.net] INFO  org.mongodb.driver.cluster - Adding discovered server kaje-shard-00-01.5sjul.mongodb.net:27017 to client view of cluster
2023-06-13 13:26:50.820 [cluster-ClusterId{value='6488d10a74e0d642d23fa200', description='null'}-srv-kaje.5sjul.mongodb.net] INFO  org.mongodb.driver.cluster - Adding discovered server kaje-shard-00-02.5sjul.mongodb.net:27017 to client view of cluster
2023-06-13 13:26:50.826 [cluster-ClusterId{value='6488d10a74e0d642d23fa200', description='null'}-srv-kaje.5sjul.mongodb.net] INFO  org.mongodb.driver.cluster - Adding discovered server kaje-shard-00-00.5sjul.mongodb.net:27017 to client view of cluster
2023-06-13 13:26:50.843 [main] INFO  org.mongodb.driver.client - MongoClient with metadata {"driver": {"name": "mongo-java-driver|reactive-streams|spring-boot", "version": "4.9.1"}, "os": {"type": "Windows", "name": "Windows 10", "architecture": "amd64", "version": "10.0"}, "platform": "Java/Oracle Corporation/17.0.5+9-LTS-191"} created with settings MongoClientSettings{readPreference=primary, writeConcern=WriteConcern{w=majority, wTimeout=null ms, journal=null}, retryWrites=true, retryReads=true, readConcern=ReadConcern{level=null}, credential=MongoCredential{mechanism=null, userName='yissusks', source='admin', password=<hidden>, mechanismProperties=<hidden>}, streamFactoryFactory=null, commandListeners=[], codecRegistry=ProvidersCodecRegistry{codecProviders=[ValueCodecProvider{}, BsonValueCodecProvider{}, DBRefCodecProvider{}, DBObjectCodecProvider{}, DocumentCodecProvider{}, CollectionCodecProvider{}, IterableCodecProvider{}, MapCodecProvider{}, GeoJsonCodecProvider{}, GridFSFileCodecProvider{}, Jsr310CodecProvider{}, JsonObjectCodecProvider{}, BsonCodecProvider{}, EnumCodecProvider{}, com.mongodb.client.model.mql.ExpressionCodecProvider@2180e789, com.mongodb.Jep395RecordCodecProvider@5e9bbd9d]}, loggerSettings=LoggerSettings{maxDocumentLength=1000}, clusterSettings={hosts=[127.0.0.1:27017], srvHost=kaje.5sjul.mongodb.net, srvServiceName=mongodb, mode=MULTIPLE, requiredClusterType=REPLICA_SET, requiredReplicaSetName='atlas-gebfb0-shard-0', serverSelector='null', clusterListeners='[]', serverSelectionTimeout='30000 ms', localThreshold='30000 ms'}, socketSettings=SocketSettings{connectTimeoutMS=10000, readTimeoutMS=0, receiveBufferSize=0, sendBufferSize=0}, heartbeatSocketSettings=SocketSettings{connectTimeoutMS=10000, readTimeoutMS=10000, receiveBufferSize=0, sendBufferSize=0}, connectionPoolSettings=ConnectionPoolSettings{maxSize=100, minSize=0, maxWaitTimeMS=120000, maxConnectionLifeTimeMS=0, maxConnectionIdleTimeMS=0, maintenanceInitialDelayMS=0, maintenanceFrequencyMS=60000, connectionPoolListeners=[], maxConnecting=2}, serverSettings=ServerSettings{heartbeatFrequencyMS=10000, minHeartbeatFrequencyMS=500, serverListeners='[]', serverMonitorListeners='[]'}, sslSettings=SslSettings{enabled=true, invalidHostNameAllowed=false, context=null}, applicationName='null', compressorList=[], uuidRepresentation=JAVA_LEGACY, serverApi=null, autoEncryptionSettings=null, contextProvider=null}
2023-06-13 13:26:50.853 [main] WARN  org.mongodb.driver.uri - Connection string contains unsupported option 'db_close_on_exit'.
2023-06-13 13:26:51.007 [main] INFO  o.a.coyote.http11.Http11NioProtocol - Starting ProtocolHandler ["http-nio-8089"]
2023-06-13 13:26:51.058 [main] INFO  o.s.b.w.e.tomcat.TomcatWebServer - Tomcat started on port(s): 8089 (http) with context path ''
2023-06-13 13:26:51.075 [main] INFO  c.login.ApiLoginSecurityApplication - Started ApiLoginSecurityApplication in 7.413 seconds (process running for 8.753)
2023-06-13 13:26:51.215 [cluster-ClusterId{value='6488d10a74e0d642d23fa200', description='null'}-kaje-shard-00-01.5sjul.mongodb.net:27017] INFO  org.mongodb.driver.cluster - Monitor thread successfully connected to server with description ServerDescription{address=kaje-shard-00-01.5sjul.mongodb.net:27017, type=REPLICA_SET_PRIMARY, state=CONNECTED, ok=true, minWireVersion=0, maxWireVersion=17, maxDocumentSize=16777216, logicalSessionTimeoutMinutes=30, roundTripTimeNanos=254653900, setName='atlas-gebfb0-shard-0', canonicalAddress=kaje-shard-00-01.5sjul.mongodb.net:27017, hosts=[kaje-shard-00-02.5sjul.mongodb.net:27017, kaje-shard-00-01.5sjul.mongodb.net:27017, kaje-shard-00-00.5sjul.mongodb.net:27017], passives=[], arbiters=[], primary='kaje-shard-00-01.5sjul.mongodb.net:27017', tagSet=TagSet{[Tag{name='nodeType', value='ELECTABLE'}, Tag{name='provider', value='AWS'}, Tag{name='region', value='US_EAST_1'}, Tag{name='workloadType', value='OPERATIONAL'}]}, electionId=7fffffff00000000000000b6, setVersion=7, topologyVersion=TopologyVersion{processId=6480fbf45a760c6083542693, counter=6}, lastWriteDate=Tue Jun 13 13:26:51 GMT-07:00 2023, lastUpdateTimeNanos=6558094943000}
2023-06-13 13:26:51.215 [cluster-ClusterId{value='6488d10a74e0d642d23fa200', description='null'}-kaje-shard-00-02.5sjul.mongodb.net:27017] INFO  org.mongodb.driver.cluster - Monitor thread successfully connected to server with description ServerDescription{address=kaje-shard-00-02.5sjul.mongodb.net:27017, type=REPLICA_SET_SECONDARY, state=CONNECTED, ok=true, minWireVersion=0, maxWireVersion=17, maxDocumentSize=16777216, logicalSessionTimeoutMinutes=30, roundTripTimeNanos=254235600, setName='atlas-gebfb0-shard-0', canonicalAddress=kaje-shard-00-02.5sjul.mongodb.net:27017, hosts=[kaje-shard-00-02.5sjul.mongodb.net:27017, kaje-shard-00-01.5sjul.mongodb.net:27017, kaje-shard-00-00.5sjul.mongodb.net:27017], passives=[], arbiters=[], primary='kaje-shard-00-01.5sjul.mongodb.net:27017', tagSet=TagSet{[Tag{name='nodeType', value='ELECTABLE'}, Tag{name='provider', value='AWS'}, Tag{name='region', value='US_EAST_1'}, Tag{name='workloadType', value='OPERATIONAL'}]}, electionId=null, setVersion=7, topologyVersion=TopologyVersion{processId=6480fce1f01eb7adbc9aaeb7, counter=3}, lastWriteDate=Tue Jun 13 13:26:51 GMT-07:00 2023, lastUpdateTimeNanos=6558095112700}
2023-06-13 13:26:51.217 [cluster-ClusterId{value='6488d10a74e0d642d23fa200', description='null'}-kaje-shard-00-01.5sjul.mongodb.net:27017] INFO  org.mongodb.driver.cluster - Discovered replica set primary kaje-shard-00-01.5sjul.mongodb.net:27017 with max election id 7fffffff00000000000000b6 and max set version 7
2023-06-13 13:26:51.260 [cluster-ClusterId{value='6488d10a74e0d642d23fa200', description='null'}-kaje-shard-00-00.5sjul.mongodb.net:27017] INFO  org.mongodb.driver.cluster - Monitor thread successfully connected to server with description ServerDescription{address=kaje-shard-00-00.5sjul.mongodb.net:27017, type=REPLICA_SET_SECONDARY, state=CONNECTED, ok=true, minWireVersion=0, maxWireVersion=17, maxDocumentSize=16777216, logicalSessionTimeoutMinutes=30, roundTripTimeNanos=299623100, setName='atlas-gebfb0-shard-0', canonicalAddress=kaje-shard-00-00.5sjul.mongodb.net:27017, hosts=[kaje-shard-00-02.5sjul.mongodb.net:27017, kaje-shard-00-01.5sjul.mongodb.net:27017, kaje-shard-00-00.5sjul.mongodb.net:27017], passives=[], arbiters=[], primary='kaje-shard-00-01.5sjul.mongodb.net:27017', tagSet=TagSet{[Tag{name='nodeType', value='ELECTABLE'}, Tag{name='provider', value='AWS'}, Tag{name='region', value='US_EAST_1'}, Tag{name='workloadType', value='OPERATIONAL'}]}, electionId=null, setVersion=7, topologyVersion=TopologyVersion{processId=6480fad5cb65c30a8d290274, counter=4}, lastWriteDate=Tue Jun 13 13:26:51 GMT-07:00 2023, lastUpdateTimeNanos=6558139840800}
2023-06-13 13:31:05.484 [http-nio-8089-exec-1] INFO  o.a.c.c.C.[Tomcat].[localhost].[/] - Initializing Spring DispatcherServlet 'dispatcherServlet'
2023-06-13 13:31:05.484 [http-nio-8089-exec-1] INFO  o.s.web.servlet.DispatcherServlet - Initializing Servlet 'dispatcherServlet'
2023-06-13 13:31:05.487 [http-nio-8089-exec-1] INFO  o.s.web.servlet.DispatcherServlet - Completed initialization in 2 ms
