2023-06-10 12:12:49.615 [cluster-ClusterId{value='648379848bfc373ed2e11f5d', description='null'}-kaje-shard-00-00.5sjul.mongodb.net:27017] INFO  org.mongodb.driver.cluster - Exception in monitor thread while connecting to server kaje-shard-00-00.5sjul.mongodb.net:27017
com.mongodb.MongoSocketReadException: Exception receiving message
	at com.mongodb.internal.connection.InternalStreamConnection.translateReadException(InternalStreamConnection.java:724)
	at com.mongodb.internal.connection.InternalStreamConnection.receiveMessageWithAdditionalTimeout(InternalStreamConnection.java:599)
	at com.mongodb.internal.connection.InternalStreamConnection.receiveCommandMessageResponse(InternalStreamConnection.java:440)
	at com.mongodb.internal.connection.InternalStreamConnection.receive(InternalStreamConnection.java:397)
	at com.mongodb.internal.connection.DefaultServerMonitor$ServerMonitorRunnable.lookupServerDescription(DefaultServerMonitor.java:227)
	at com.mongodb.internal.connection.DefaultServerMonitor$ServerMonitorRunnable.run(DefaultServerMonitor.java:159)
	at java.base/java.lang.Thread.run(Thread.java:833)
Caused by: java.net.SocketException: Connection reset
	at java.base/sun.nio.ch.SocketChannelImpl.throwConnectionReset(SocketChannelImpl.java:394)
	at java.base/sun.nio.ch.SocketChannelImpl.read(SocketChannelImpl.java:426)
	at com.mongodb.internal.connection.tlschannel.impl.TlsChannelImpl.readFromChannel(TlsChannelImpl.java:357)
	at com.mongodb.internal.connection.tlschannel.impl.TlsChannelImpl.readFromChannel(TlsChannelImpl.java:344)
	at com.mongodb.internal.connection.tlschannel.impl.TlsChannelImpl.readAndUnwrap(TlsChannelImpl.java:629)
	at com.mongodb.internal.connection.tlschannel.impl.TlsChannelImpl.read(TlsChannelImpl.java:236)
	at com.mongodb.internal.connection.tlschannel.ClientTlsChannel.read(ClientTlsChannel.java:168)
	at com.mongodb.internal.connection.tlschannel.async.AsynchronousTlsChannelGroup.readHandlingTasks(AsynchronousTlsChannelGroup.java:599)
	at com.mongodb.internal.connection.tlschannel.async.AsynchronousTlsChannelGroup.doRead(AsynchronousTlsChannelGroup.java:564)
	at com.mongodb.internal.connection.tlschannel.async.AsynchronousTlsChannelGroup.lambda$processRead$5(AsynchronousTlsChannelGroup.java:476)
	at java.base/java.util.concurrent.ThreadPoolExecutor.runWorker(ThreadPoolExecutor.java:1136)
	at java.base/java.util.concurrent.ThreadPoolExecutor$Worker.run(ThreadPoolExecutor.java:635)
	... 1 common frames omitted
2023-06-10 12:12:49.138 [cluster-ClusterId{value='648379808bfc373ed2e11f5c', description='null'}-kaje-shard-00-00.5sjul.mongodb.net:27017] INFO  org.mongodb.driver.cluster - Exception in monitor thread while connecting to server kaje-shard-00-00.5sjul.mongodb.net:27017
com.mongodb.MongoSocketReadException: Exception receiving message
	at com.mongodb.internal.connection.InternalStreamConnection.translateReadException(InternalStreamConnection.java:724)
	at com.mongodb.internal.connection.InternalStreamConnection.receiveMessageWithAdditionalTimeout(InternalStreamConnection.java:599)
	at com.mongodb.internal.connection.InternalStreamConnection.receiveCommandMessageResponse(InternalStreamConnection.java:440)
	at com.mongodb.internal.connection.InternalStreamConnection.receive(InternalStreamConnection.java:397)
	at com.mongodb.internal.connection.DefaultServerMonitor$ServerMonitorRunnable.lookupServerDescription(DefaultServerMonitor.java:227)
	at com.mongodb.internal.connection.DefaultServerMonitor$ServerMonitorRunnable.run(DefaultServerMonitor.java:159)
	at java.base/java.lang.Thread.run(Thread.java:833)
Caused by: java.net.SocketException: Socket is closed
	at java.base/java.net.Socket.setSoTimeout(Socket.java:1218)
	at java.base/sun.security.ssl.BaseSSLSocketImpl.setSoTimeout(BaseSSLSocketImpl.java:638)
	at java.base/sun.security.ssl.SSLSocketImpl.setSoTimeout(SSLSocketImpl.java:74)
	at com.mongodb.internal.connection.SocketStream.read(SocketStream.java:140)
	at com.mongodb.internal.connection.InternalStreamConnection.receiveResponseBuffers(InternalStreamConnection.java:735)
	at com.mongodb.internal.connection.InternalStreamConnection.receiveMessageWithAdditionalTimeout(InternalStreamConnection.java:596)
	... 5 common frames omitted
2023-06-10 12:12:49.617 [cluster-ClusterId{value='648379848bfc373ed2e11f5d', description='null'}-kaje-shard-00-02.5sjul.mongodb.net:27017] INFO  org.mongodb.driver.cluster - Exception in monitor thread while connecting to server kaje-shard-00-02.5sjul.mongodb.net:27017
com.mongodb.MongoSocketReadException: Exception receiving message
	at com.mongodb.internal.connection.InternalStreamConnection.translateReadException(InternalStreamConnection.java:724)
	at com.mongodb.internal.connection.InternalStreamConnection.receiveMessageWithAdditionalTimeout(InternalStreamConnection.java:599)
	at com.mongodb.internal.connection.InternalStreamConnection.receiveCommandMessageResponse(InternalStreamConnection.java:440)
	at com.mongodb.internal.connection.InternalStreamConnection.receive(InternalStreamConnection.java:397)
	at com.mongodb.internal.connection.DefaultServerMonitor$ServerMonitorRunnable.lookupServerDescription(DefaultServerMonitor.java:227)
	at com.mongodb.internal.connection.DefaultServerMonitor$ServerMonitorRunnable.run(DefaultServerMonitor.java:159)
	at java.base/java.lang.Thread.run(Thread.java:833)
Caused by: java.net.SocketException: Connection reset
	at java.base/sun.nio.ch.SocketChannelImpl.throwConnectionReset(SocketChannelImpl.java:394)
	at java.base/sun.nio.ch.SocketChannelImpl.read(SocketChannelImpl.java:426)
	at com.mongodb.internal.connection.tlschannel.impl.TlsChannelImpl.readFromChannel(TlsChannelImpl.java:357)
	at com.mongodb.internal.connection.tlschannel.impl.TlsChannelImpl.readFromChannel(TlsChannelImpl.java:344)
	at com.mongodb.internal.connection.tlschannel.impl.TlsChannelImpl.readAndUnwrap(TlsChannelImpl.java:629)
	at com.mongodb.internal.connection.tlschannel.impl.TlsChannelImpl.read(TlsChannelImpl.java:236)
	at com.mongodb.internal.connection.tlschannel.ClientTlsChannel.read(ClientTlsChannel.java:168)
	at com.mongodb.internal.connection.tlschannel.async.AsynchronousTlsChannelGroup.readHandlingTasks(AsynchronousTlsChannelGroup.java:599)
	at com.mongodb.internal.connection.tlschannel.async.AsynchronousTlsChannelGroup.doRead(AsynchronousTlsChannelGroup.java:564)
	at com.mongodb.internal.connection.tlschannel.async.AsynchronousTlsChannelGroup.lambda$processRead$5(AsynchronousTlsChannelGroup.java:476)
	at java.base/java.util.concurrent.ThreadPoolExecutor.runWorker(ThreadPoolExecutor.java:1136)
	at java.base/java.util.concurrent.ThreadPoolExecutor$Worker.run(ThreadPoolExecutor.java:635)
	... 1 common frames omitted
2023-06-10 12:12:49.139 [cluster-ClusterId{value='648379808bfc373ed2e11f5c', description='null'}-kaje-shard-00-01.5sjul.mongodb.net:27017] INFO  org.mongodb.driver.cluster - Exception in monitor thread while connecting to server kaje-shard-00-01.5sjul.mongodb.net:27017
com.mongodb.MongoSocketReadException: Exception receiving message
	at com.mongodb.internal.connection.InternalStreamConnection.translateReadException(InternalStreamConnection.java:724)
	at com.mongodb.internal.connection.InternalStreamConnection.receiveMessageWithAdditionalTimeout(InternalStreamConnection.java:599)
	at com.mongodb.internal.connection.InternalStreamConnection.receiveCommandMessageResponse(InternalStreamConnection.java:440)
	at com.mongodb.internal.connection.InternalStreamConnection.receive(InternalStreamConnection.java:397)
	at com.mongodb.internal.connection.DefaultServerMonitor$ServerMonitorRunnable.lookupServerDescription(DefaultServerMonitor.java:227)
	at com.mongodb.internal.connection.DefaultServerMonitor$ServerMonitorRunnable.run(DefaultServerMonitor.java:159)
	at java.base/java.lang.Thread.run(Thread.java:833)
Caused by: java.net.SocketException: Socket is closed
	at java.base/java.net.Socket.setSoTimeout(Socket.java:1218)
	at java.base/sun.security.ssl.BaseSSLSocketImpl.setSoTimeout(BaseSSLSocketImpl.java:638)
	at java.base/sun.security.ssl.SSLSocketImpl.setSoTimeout(SSLSocketImpl.java:74)
	at com.mongodb.internal.connection.SocketStream.read(SocketStream.java:140)
	at com.mongodb.internal.connection.InternalStreamConnection.receiveResponseBuffers(InternalStreamConnection.java:735)
	at com.mongodb.internal.connection.InternalStreamConnection.receiveMessageWithAdditionalTimeout(InternalStreamConnection.java:596)
	... 5 common frames omitted
2023-06-10 12:12:49.617 [cluster-ClusterId{value='648379848bfc373ed2e11f5d', description='null'}-kaje-shard-00-01.5sjul.mongodb.net:27017] INFO  org.mongodb.driver.cluster - Exception in monitor thread while connecting to server kaje-shard-00-01.5sjul.mongodb.net:27017
com.mongodb.MongoSocketReadException: Exception receiving message
	at com.mongodb.internal.connection.InternalStreamConnection.translateReadException(InternalStreamConnection.java:724)
	at com.mongodb.internal.connection.InternalStreamConnection.receiveMessageWithAdditionalTimeout(InternalStreamConnection.java:599)
	at com.mongodb.internal.connection.InternalStreamConnection.receiveCommandMessageResponse(InternalStreamConnection.java:440)
	at com.mongodb.internal.connection.InternalStreamConnection.receive(InternalStreamConnection.java:397)
	at com.mongodb.internal.connection.DefaultServerMonitor$ServerMonitorRunnable.lookupServerDescription(DefaultServerMonitor.java:227)
	at com.mongodb.internal.connection.DefaultServerMonitor$ServerMonitorRunnable.run(DefaultServerMonitor.java:159)
	at java.base/java.lang.Thread.run(Thread.java:833)
Caused by: java.net.SocketException: Connection reset
	at java.base/sun.nio.ch.SocketChannelImpl.throwConnectionReset(SocketChannelImpl.java:394)
	at java.base/sun.nio.ch.SocketChannelImpl.read(SocketChannelImpl.java:426)
	at com.mongodb.internal.connection.tlschannel.impl.TlsChannelImpl.readFromChannel(TlsChannelImpl.java:357)
	at com.mongodb.internal.connection.tlschannel.impl.TlsChannelImpl.readFromChannel(TlsChannelImpl.java:344)
	at com.mongodb.internal.connection.tlschannel.impl.TlsChannelImpl.readAndUnwrap(TlsChannelImpl.java:629)
	at com.mongodb.internal.connection.tlschannel.impl.TlsChannelImpl.read(TlsChannelImpl.java:236)
	at com.mongodb.internal.connection.tlschannel.ClientTlsChannel.read(ClientTlsChannel.java:168)
	at com.mongodb.internal.connection.tlschannel.async.AsynchronousTlsChannelGroup.readHandlingTasks(AsynchronousTlsChannelGroup.java:599)
	at com.mongodb.internal.connection.tlschannel.async.AsynchronousTlsChannelGroup.doRead(AsynchronousTlsChannelGroup.java:564)
	at com.mongodb.internal.connection.tlschannel.async.AsynchronousTlsChannelGroup.lambda$processRead$5(AsynchronousTlsChannelGroup.java:476)
	at java.base/java.util.concurrent.ThreadPoolExecutor.runWorker(ThreadPoolExecutor.java:1136)
	at java.base/java.util.concurrent.ThreadPoolExecutor$Worker.run(ThreadPoolExecutor.java:635)
	... 1 common frames omitted
2023-06-10 12:12:49.615 [cluster-ClusterId{value='648379808bfc373ed2e11f5c', description='null'}-kaje-shard-00-02.5sjul.mongodb.net:27017] INFO  org.mongodb.driver.cluster - Exception in monitor thread while connecting to server kaje-shard-00-02.5sjul.mongodb.net:27017
com.mongodb.MongoSocketReadException: Exception receiving message
	at com.mongodb.internal.connection.InternalStreamConnection.translateReadException(InternalStreamConnection.java:724)
	at com.mongodb.internal.connection.InternalStreamConnection.receiveMessageWithAdditionalTimeout(InternalStreamConnection.java:599)
	at com.mongodb.internal.connection.InternalStreamConnection.receiveCommandMessageResponse(InternalStreamConnection.java:440)
	at com.mongodb.internal.connection.InternalStreamConnection.receive(InternalStreamConnection.java:397)
	at com.mongodb.internal.connection.DefaultServerMonitor$ServerMonitorRunnable.lookupServerDescription(DefaultServerMonitor.java:227)
	at com.mongodb.internal.connection.DefaultServerMonitor$ServerMonitorRunnable.run(DefaultServerMonitor.java:159)
	at java.base/java.lang.Thread.run(Thread.java:833)
Caused by: java.net.SocketException: Socket is closed
	at java.base/java.net.Socket.setSoTimeout(Socket.java:1218)
	at java.base/sun.security.ssl.BaseSSLSocketImpl.setSoTimeout(BaseSSLSocketImpl.java:638)
	at java.base/sun.security.ssl.SSLSocketImpl.setSoTimeout(SSLSocketImpl.java:74)
	at com.mongodb.internal.connection.SocketStream.read(SocketStream.java:140)
	at com.mongodb.internal.connection.InternalStreamConnection.receiveResponseBuffers(InternalStreamConnection.java:735)
	at com.mongodb.internal.connection.InternalStreamConnection.receiveMessageWithAdditionalTimeout(InternalStreamConnection.java:596)
	... 5 common frames omitted
2023-06-10 12:12:51.649 [cluster-ClusterId{value='648379808bfc373ed2e11f5c', description='null'}-kaje-shard-00-02.5sjul.mongodb.net:27017] INFO  org.mongodb.driver.cluster - Monitor thread successfully connected to server with description ServerDescription{address=kaje-shard-00-02.5sjul.mongodb.net:27017, type=REPLICA_SET_SECONDARY, state=CONNECTED, ok=true, minWireVersion=0, maxWireVersion=17, maxDocumentSize=16777216, logicalSessionTimeoutMinutes=30, roundTripTimeNanos=728217100, setName='atlas-gebfb0-shard-0', canonicalAddress=kaje-shard-00-02.5sjul.mongodb.net:27017, hosts=[kaje-shard-00-02.5sjul.mongodb.net:27017, kaje-shard-00-01.5sjul.mongodb.net:27017, kaje-shard-00-00.5sjul.mongodb.net:27017], passives=[], arbiters=[], primary='kaje-shard-00-01.5sjul.mongodb.net:27017', tagSet=TagSet{[Tag{name='nodeType', value='ELECTABLE'}, Tag{name='provider', value='AWS'}, Tag{name='region', value='US_EAST_1'}, Tag{name='workloadType', value='OPERATIONAL'}]}, electionId=null, setVersion=7, topologyVersion=TopologyVersion{processId=6480fce1f01eb7adbc9aaeb7, counter=3}, lastWriteDate=Sat Jun 10 12:12:51 GMT-07:00 2023, lastUpdateTimeNanos=186008172330200}
2023-06-10 12:12:51.651 [cluster-ClusterId{value='648379808bfc373ed2e11f5c', description='null'}-kaje-shard-00-01.5sjul.mongodb.net:27017] INFO  org.mongodb.driver.cluster - Monitor thread successfully connected to server with description ServerDescription{address=kaje-shard-00-01.5sjul.mongodb.net:27017, type=REPLICA_SET_PRIMARY, state=CONNECTED, ok=true, minWireVersion=0, maxWireVersion=17, maxDocumentSize=16777216, logicalSessionTimeoutMinutes=30, roundTripTimeNanos=730168000, setName='atlas-gebfb0-shard-0', canonicalAddress=kaje-shard-00-01.5sjul.mongodb.net:27017, hosts=[kaje-shard-00-02.5sjul.mongodb.net:27017, kaje-shard-00-01.5sjul.mongodb.net:27017, kaje-shard-00-00.5sjul.mongodb.net:27017], passives=[], arbiters=[], primary='kaje-shard-00-01.5sjul.mongodb.net:27017', tagSet=TagSet{[Tag{name='nodeType', value='ELECTABLE'}, Tag{name='provider', value='AWS'}, Tag{name='region', value='US_EAST_1'}, Tag{name='workloadType', value='OPERATIONAL'}]}, electionId=7fffffff00000000000000b6, setVersion=7, topologyVersion=TopologyVersion{processId=6480fbf45a760c6083542693, counter=6}, lastWriteDate=Sat Jun 10 12:12:51 GMT-07:00 2023, lastUpdateTimeNanos=186008174280500}
2023-06-10 12:12:51.651 [cluster-ClusterId{value='648379808bfc373ed2e11f5c', description='null'}-kaje-shard-00-00.5sjul.mongodb.net:27017] INFO  org.mongodb.driver.cluster - Monitor thread successfully connected to server with description ServerDescription{address=kaje-shard-00-00.5sjul.mongodb.net:27017, type=REPLICA_SET_SECONDARY, state=CONNECTED, ok=true, minWireVersion=0, maxWireVersion=17, maxDocumentSize=16777216, logicalSessionTimeoutMinutes=30, roundTripTimeNanos=718917300, setName='atlas-gebfb0-shard-0', canonicalAddress=kaje-shard-00-00.5sjul.mongodb.net:27017, hosts=[kaje-shard-00-02.5sjul.mongodb.net:27017, kaje-shard-00-01.5sjul.mongodb.net:27017, kaje-shard-00-00.5sjul.mongodb.net:27017], passives=[], arbiters=[], primary='kaje-shard-00-01.5sjul.mongodb.net:27017', tagSet=TagSet{[Tag{name='nodeType', value='ELECTABLE'}, Tag{name='provider', value='AWS'}, Tag{name='region', value='US_EAST_1'}, Tag{name='workloadType', value='OPERATIONAL'}]}, electionId=null, setVersion=7, topologyVersion=TopologyVersion{processId=6480fad5cb65c30a8d290274, counter=4}, lastWriteDate=Sat Jun 10 12:12:51 GMT-07:00 2023, lastUpdateTimeNanos=186008172336200}
2023-06-10 12:12:51.651 [cluster-ClusterId{value='648379848bfc373ed2e11f5d', description='null'}-kaje-shard-00-01.5sjul.mongodb.net:27017] INFO  org.mongodb.driver.cluster - Monitor thread successfully connected to server with description ServerDescription{address=kaje-shard-00-01.5sjul.mongodb.net:27017, type=REPLICA_SET_PRIMARY, state=CONNECTED, ok=true, minWireVersion=0, maxWireVersion=17, maxDocumentSize=16777216, logicalSessionTimeoutMinutes=30, roundTripTimeNanos=736199100, setName='atlas-gebfb0-shard-0', canonicalAddress=kaje-shard-00-01.5sjul.mongodb.net:27017, hosts=[kaje-shard-00-02.5sjul.mongodb.net:27017, kaje-shard-00-01.5sjul.mongodb.net:27017, kaje-shard-00-00.5sjul.mongodb.net:27017], passives=[], arbiters=[], primary='kaje-shard-00-01.5sjul.mongodb.net:27017', tagSet=TagSet{[Tag{name='nodeType', value='ELECTABLE'}, Tag{name='provider', value='AWS'}, Tag{name='region', value='US_EAST_1'}, Tag{name='workloadType', value='OPERATIONAL'}]}, electionId=7fffffff00000000000000b6, setVersion=7, topologyVersion=TopologyVersion{processId=6480fbf45a760c6083542693, counter=6}, lastWriteDate=Sat Jun 10 12:12:51 GMT-07:00 2023, lastUpdateTimeNanos=186008175240300}
2023-06-10 12:12:51.653 [cluster-ClusterId{value='648379848bfc373ed2e11f5d', description='null'}-kaje-shard-00-02.5sjul.mongodb.net:27017] INFO  org.mongodb.driver.cluster - Monitor thread successfully connected to server with description ServerDescription{address=kaje-shard-00-02.5sjul.mongodb.net:27017, type=REPLICA_SET_SECONDARY, state=CONNECTED, ok=true, minWireVersion=0, maxWireVersion=17, maxDocumentSize=16777216, logicalSessionTimeoutMinutes=30, roundTripTimeNanos=728248200, setName='atlas-gebfb0-shard-0', canonicalAddress=kaje-shard-00-02.5sjul.mongodb.net:27017, hosts=[kaje-shard-00-02.5sjul.mongodb.net:27017, kaje-shard-00-01.5sjul.mongodb.net:27017, kaje-shard-00-00.5sjul.mongodb.net:27017], passives=[], arbiters=[], primary='kaje-shard-00-01.5sjul.mongodb.net:27017', tagSet=TagSet{[Tag{name='nodeType', value='ELECTABLE'}, Tag{name='provider', value='AWS'}, Tag{name='region', value='US_EAST_1'}, Tag{name='workloadType', value='OPERATIONAL'}]}, electionId=null, setVersion=7, topologyVersion=TopologyVersion{processId=6480fce1f01eb7adbc9aaeb7, counter=3}, lastWriteDate=Sat Jun 10 12:12:51 GMT-07:00 2023, lastUpdateTimeNanos=186008176618900}
2023-06-10 12:12:51.654 [cluster-ClusterId{value='648379848bfc373ed2e11f5d', description='null'}-kaje-shard-00-00.5sjul.mongodb.net:27017] INFO  org.mongodb.driver.cluster - Monitor thread successfully connected to server with description ServerDescription{address=kaje-shard-00-00.5sjul.mongodb.net:27017, type=REPLICA_SET_SECONDARY, state=CONNECTED, ok=true, minWireVersion=0, maxWireVersion=17, maxDocumentSize=16777216, logicalSessionTimeoutMinutes=30, roundTripTimeNanos=752567400, setName='atlas-gebfb0-shard-0', canonicalAddress=kaje-shard-00-00.5sjul.mongodb.net:27017, hosts=[kaje-shard-00-02.5sjul.mongodb.net:27017, kaje-shard-00-01.5sjul.mongodb.net:27017, kaje-shard-00-00.5sjul.mongodb.net:27017], passives=[], arbiters=[], primary='kaje-shard-00-01.5sjul.mongodb.net:27017', tagSet=TagSet{[Tag{name='nodeType', value='ELECTABLE'}, Tag{name='provider', value='AWS'}, Tag{name='region', value='US_EAST_1'}, Tag{name='workloadType', value='OPERATIONAL'}]}, electionId=null, setVersion=7, topologyVersion=TopologyVersion{processId=6480fad5cb65c30a8d290274, counter=4}, lastWriteDate=Sat Jun 10 12:12:51 GMT-07:00 2023, lastUpdateTimeNanos=186008178024600}
2023-06-10 12:12:51.655 [cluster-ClusterId{value='648379848bfc373ed2e11f5d', description='null'}-kaje-shard-00-01.5sjul.mongodb.net:27017] INFO  org.mongodb.driver.cluster - Discovered replica set primary kaje-shard-00-01.5sjul.mongodb.net:27017 with max election id 7fffffff00000000000000b6 and max set version 7
2023-06-10 12:12:51.655 [cluster-ClusterId{value='648379808bfc373ed2e11f5c', description='null'}-kaje-shard-00-01.5sjul.mongodb.net:27017] INFO  org.mongodb.driver.cluster - Discovered replica set primary kaje-shard-00-01.5sjul.mongodb.net:27017 with max election id 7fffffff00000000000000b6 and max set version 7
